{"C:\\Users\\cchamberlain\\noderaider\\modular\\packages\\bin-utils\\src\\lib\\mkdirp.js": {"path":"C:\\Users\\cchamberlain\\noderaider\\modular\\packages\\bin-utils\\src\\lib\\mkdirp.js","statementMap":{},"fnMap":{},"branchMap":{},"s":{},"f":{},"b":{},"_coverageSchema":"332fd63041d2c1bcb487cc26dd0d5f7d97098a6c","hash":"dfac6df208fc8f8b914b2805895bb5ee2ffa4698"}
,"C:\\Users\\cchamberlain\\noderaider\\modular\\packages\\bin-utils\\src\\lib\\ncp.js": {"path":"C:\\Users\\cchamberlain\\noderaider\\modular\\packages\\bin-utils\\src\\lib\\ncp.js","statementMap":{},"fnMap":{},"branchMap":{},"s":{},"f":{},"b":{},"_coverageSchema":"332fd63041d2c1bcb487cc26dd0d5f7d97098a6c","hash":"acd2853f76ccdb12bf8ed268c662357dc9e3b850"}
,"C:\\Users\\cchamberlain\\noderaider\\modular\\packages\\bin-utils\\src\\lib\\rimraf.js": {"path":"C:\\Users\\cchamberlain\\noderaider\\modular\\packages\\bin-utils\\src\\lib\\rimraf.js","statementMap":{},"fnMap":{},"branchMap":{},"s":{},"f":{},"b":{},"_coverageSchema":"332fd63041d2c1bcb487cc26dd0d5f7d97098a6c","hash":"85bb0f012a8070061c1572aa61e1c98001221c5f"}
,"C:\\Users\\cchamberlain\\noderaider\\modular\\packages\\bin-utils\\src\\lib\\stat.js": {"path":"C:\\Users\\cchamberlain\\noderaider\\modular\\packages\\bin-utils\\src\\lib\\stat.js","statementMap":{},"fnMap":{},"branchMap":{},"s":{},"f":{},"b":{},"_coverageSchema":"332fd63041d2c1bcb487cc26dd0d5f7d97098a6c","hash":"86c1ac8a50f720e36a96f68280dc34cd8e1342f0"}
,"C:\\Users\\cchamberlain\\noderaider\\modular\\packages\\bin-utils\\src\\lib\\utils\\index.js": {"path":"C:\\Users\\cchamberlain\\noderaider\\modular\\packages\\bin-utils\\src\\lib\\utils\\index.js","statementMap":{},"fnMap":{},"branchMap":{},"s":{},"f":{},"b":{},"_coverageSchema":"332fd63041d2c1bcb487cc26dd0d5f7d97098a6c","hash":"73c9a139c70c0f897aa458d89366e0838305cb6e"}
,"C:\\Users\\cchamberlain\\noderaider\\modular\\packages\\bin-utils\\src\\lib\\utils\\promisify.js": {"path":"C:\\Users\\cchamberlain\\noderaider\\modular\\packages\\bin-utils\\src\\lib\\utils\\promisify.js","statementMap":{"0":{"start":{"line":2,"column":22},"end":{"line":13,"column":4}},"1":{"start":{"line":2,"column":35},"end":{"line":13,"column":4}},"2":{"start":{"line":3,"column":4},"end":{"line":12,"column":5}},"3":{"start":{"line":4,"column":6},"end":{"line":9,"column":8}},"4":{"start":{"line":5,"column":8},"end":{"line":8,"column":29}},"5":{"start":{"line":6,"column":10},"end":{"line":6,"column":28}},"6":{"start":{"line":8,"column":10},"end":{"line":8,"column":29}},"7":{"start":{"line":11,"column":6},"end":{"line":11,"column":17}},"8":{"start":{"line":14,"column":2},"end":{"line":20,"column":3}},"9":{"start":{"line":15,"column":4},"end":{"line":19,"column":5}}},"fnMap":{"0":{"name":"promisify","decl":{"start":{"line":1,"column":24},"end":{"line":1,"column":33}},"loc":{"start":{"line":1,"column":39},"end":{"line":21,"column":1}}},"1":{"name":"(anonymous_1)","decl":{"start":{"line":2,"column":22},"end":{"line":2,"column":23}},"loc":{"start":{"line":2,"column":35},"end":{"line":13,"column":4}}},"2":{"name":"(anonymous_2)","decl":{"start":{"line":2,"column":47},"end":{"line":2,"column":48}},"loc":{"start":{"line":2,"column":68},"end":{"line":13,"column":3}}},"3":{"name":"(anonymous_3)","decl":{"start":{"line":4,"column":18},"end":{"line":4,"column":19}},"loc":{"start":{"line":4,"column":34},"end":{"line":9,"column":7}}},"4":{"name":"promiseWrap","decl":{"start":{"line":14,"column":18},"end":{"line":14,"column":29}},"loc":{"start":{"line":14,"column":40},"end":{"line":20,"column":3}}}},"branchMap":{"0":{"loc":{"start":{"line":5,"column":8},"end":{"line":8,"column":29}},"type":"if","locations":[{"start":{"line":5,"column":8},"end":{"line":8,"column":29}},{"start":{"line":5,"column":8},"end":{"line":8,"column":29}}]},"1":{"loc":{"start":{"line":16,"column":6},"end":{"line":18,"column":28}},"type":"cond-expr","locations":[{"start":{"line":17,"column":8},"end":{"line":17,"column":19}},{"start":{"line":18,"column":8},"end":{"line":18,"column":28}}]}},"s":{"0":6,"1":1,"2":1,"3":1,"4":0,"5":0,"6":0,"7":0,"8":6,"9":2},"f":{"0":6,"1":1,"2":1,"3":0,"4":2},"b":{"0":[0,0],"1":[1,1]},"_coverageSchema":"332fd63041d2c1bcb487cc26dd0d5f7d97098a6c","hash":"e590b1ebd3c311fe4aad55e2ab1ca16a54102231"}
,"C:\\Users\\cchamberlain\\noderaider\\modular\\packages\\bin-utils\\src\\lib\\utils\\syncify.js": {"path":"C:\\Users\\cchamberlain\\noderaider\\modular\\packages\\bin-utils\\src\\lib\\utils\\syncify.js","statementMap":{"0":{"start":{"line":2,"column":2},"end":{"line":3,"column":58}},"1":{"start":{"line":3,"column":4},"end":{"line":3,"column":58}},"2":{"start":{"line":4,"column":2},"end":{"line":5,"column":55}},"3":{"start":{"line":5,"column":4},"end":{"line":5,"column":55}},"4":{"start":{"line":6,"column":2},"end":{"line":6,"column":99}}},"fnMap":{"0":{"name":"syncify","decl":{"start":{"line":1,"column":24},"end":{"line":1,"column":31}},"loc":{"start":{"line":1,"column":42},"end":{"line":7,"column":1}}}},"branchMap":{"0":{"loc":{"start":{"line":2,"column":2},"end":{"line":3,"column":58}},"type":"if","locations":[{"start":{"line":2,"column":2},"end":{"line":3,"column":58}},{"start":{"line":2,"column":2},"end":{"line":3,"column":58}}]},"1":{"loc":{"start":{"line":4,"column":2},"end":{"line":5,"column":55}},"type":"if","locations":[{"start":{"line":4,"column":2},"end":{"line":5,"column":55}},{"start":{"line":4,"column":2},"end":{"line":5,"column":55}}]}},"s":{"0":6,"1":1,"2":5,"3":1,"4":4},"f":{"0":6},"b":{"0":[1,5],"1":[1,4]},"_coverageSchema":"332fd63041d2c1bcb487cc26dd0d5f7d97098a6c","hash":"aecde4c2854c64bac8aee8b78511b05014fe9b5e"}
}
