TN:
SF:C:\Users\cchamberlain\noderaider\modular\packages\bin-utils\src\lib\mkdirp.js
FNF:0
FNH:0
LF:0
LH:0
BRF:0
BRH:0
end_of_record
TN:
SF:C:\Users\cchamberlain\noderaider\modular\packages\bin-utils\src\lib\ncp.js
FNF:0
FNH:0
LF:0
LH:0
BRF:0
BRH:0
end_of_record
TN:
SF:C:\Users\cchamberlain\noderaider\modular\packages\bin-utils\src\lib\rimraf.js
FNF:0
FNH:0
LF:0
LH:0
BRF:0
BRH:0
end_of_record
TN:
SF:C:\Users\cchamberlain\noderaider\modular\packages\bin-utils\src\lib\stat.js
FNF:0
FNH:0
LF:0
LH:0
BRF:0
BRH:0
end_of_record
TN:
SF:C:\Users\cchamberlain\noderaider\modular\packages\bin-utils\src\lib\utils\index.js
FNF:0
FNH:0
LF:0
LH:0
BRF:0
BRH:0
end_of_record
TN:
SF:C:\Users\cchamberlain\noderaider\modular\packages\bin-utils\src\lib\utils\promisify.js
FN:1,promisify
FN:2,(anonymous_1)
FN:2,(anonymous_2)
FN:4,(anonymous_3)
FN:14,promiseWrap
FNF:5
FNH:4
FNDA:6,promisify
FNDA:1,(anonymous_1)
FNDA:1,(anonymous_2)
FNDA:0,(anonymous_3)
FNDA:2,promiseWrap
DA:2,6
DA:3,1
DA:4,1
DA:5,0
DA:6,0
DA:8,0
DA:11,0
DA:14,6
DA:15,2
LF:9
LH:5
BRDA:5,0,0,0
BRDA:5,0,1,0
BRDA:16,1,0,1
BRDA:16,1,1,1
BRF:4
BRH:2
end_of_record
TN:
SF:C:\Users\cchamberlain\noderaider\modular\packages\bin-utils\src\lib\utils\syncify.js
FN:1,syncify
FNF:1
FNH:1
FNDA:6,syncify
DA:2,6
DA:3,1
DA:4,5
DA:5,1
DA:6,4
LF:5
LH:5
BRDA:2,0,0,1
BRDA:2,0,1,5
BRDA:4,1,0,1
BRDA:4,1,1,4
BRF:4
BRH:4
end_of_record
